[+] Containers:
 |- [+] Container: /Game/ThirdPerson/Maps/ThirdPersonMap
 |   |- [+] ActorDescs:
 |   |   |- Guid:056B8580485DFBB1D08A0CADCA8A71B7 BaseClass: NativeClass:/Script/Engine.PointLight Name:PointLight_UAID_98EECBE9E6FC58FF01_1187940931 Label:PointLight SpatiallyLoaded:1 Bounds:IsValid=true, Min=(X=1300.000 Y=-1770.000 Z=-740.000), Max=(X=3300.000 Y=230.000 Z=1260.000) RuntimeGrid:None EditorOnly:0 RuntimeOnly:0 HLODRelevant:0
 |   |   |- Guid:0B6562DD44F0F40F6FB060B2DC1A1FC2 BaseClass: NativeClass:/Script/Engine.SpotLight Name:SpotLight_UAID_98EECBE9E6FC58FF01_1475618941 Label:SpotLight9 SpatiallyLoaded:1 Bounds:IsValid=true, Min=(X=-2678.563 Y=231.437 Z=1782.874), Max=(X=-1861.437 Y=1048.563 Z=2600.000) RuntimeGrid:None EditorOnly:0 RuntimeOnly:0 HLODRelevant:0
 |   |   |- Guid:13B26256490E962742ADB9B44607566F BaseClass: NativeClass:/Script/Engine.SpotLight Name:SpotLight_UAID_98EECBE9E6FC58FF01_1125228930 Label:SpotLight3 SpatiallyLoaded:1 Bounds:IsValid=true, Min=(X=12.260 Y=-1868.175 Z=-1586.319), Max=(X=3408.610 Y=1528.175 Z=1810.032) RuntimeGrid:None EditorOnly:0 RuntimeOnly:0 HLODRelevant:0
 |   |   |- Guid:181F2372423E9042D510B792388CAAE8 BaseClass: NativeClass:/Script/Engine.RectLight Name:RectLight_UAID_98EECBE9E6FC58FF01_1373850939 Label:RectLight SpatiallyLoaded:1 Bounds:IsValid=true, Min=(X=-4414.877 Y=-2064.877 Z=195.123), Max=(X=-365.123 Y=1984.877 Z=4244.877) RuntimeGrid:None EditorOnly:0 RuntimeOnly:0 HLODRelevant:0
 |   |   |- Guid:2FB58999456391D349DC0F86DAC136ED BaseClass: NativeClass:/Script/Engine.SkyLight Name:SkyLight_1 Label:SkyLight SpatiallyLoaded:0 Bounds:IsValid=true, Min=(X=130.000 Y=0.000 Z=690.000), Max=(X=130.000 Y=0.000 Z=690.000) RuntimeGrid:None EditorOnly:0 RuntimeOnly:0 HLODRelevant:0 FolderPath:Lighting FolderGuid:963EC3EB4002CCE9759E2EBA541A873A
 |   |   |- Guid:316CF2A6494ACA4C0E4180A87D36AB8F BaseClass: NativeClass:/Script/Engine.ExponentialHeightFog Name:ExponentialHeightFog_0 Label:ExponentialHeightFog SpatiallyLoaded:0 Bounds:IsValid=true, Min=(X=-5600.000 Y=-50.000 Z=-6850.000), Max=(X=-5600.000 Y=-50.000 Z=-6850.000) RuntimeGrid:None EditorOnly:0 RuntimeOnly:0 HLODRelevant:0 FolderPath:Lighting FolderGuid:963EC3EB4002CCE9759E2EBA541A873A
 |   |   |- Guid:359D411C4188B74F44535A97A599F23D BaseClass: NativeClass:/Script/Engine.StaticMeshActor Name:StaticMeshActor_UAID_98EECBE9E6FC2AE101_1325922177 Label:Pilares SpatiallyLoaded:1 Bounds:IsValid=true, Min=(X=-1320.000 Y=-480.000 Z=1250.000), Max=(X=1280.000 Y=720.000 Z=2340.000) RuntimeGrid:None EditorOnly:0 RuntimeOnly:0 HLODRelevant:0 FolderPath:Composicion FolderGuid:7D23E5AE4C2A421F86AF6986D87E6D05
 |   |   |- Guid:3FEA5C294D571A881DD3D38B1EB7D867 BaseClass: NativeClass:/Script/Engine.SpotLight Name:SpotLight_UAID_98EECBE9E6FC58FF01_1302603936 Label:SpotLight6 SpatiallyLoaded:1 Bounds:IsValid=true, Min=(X=-825.082 Y=354.918 Z=259.836), Max=(X=565.082 Y=1745.082 Z=1650.000) RuntimeGrid:None EditorOnly:0 RuntimeOnly:0 HLODRelevant:0
 |   |   |- Guid:42CD7F2645B44F2FD44514821B9619F1 BaseClass:/Game/LevelPrototyping/NewCharacter/EP_Laika_Jones.EP_Laika_Jones_C NativeClass:/Script/Engine.Character Name:EP_Laika_Jones_C_UAID_98EECBE9E6FC99EF01_1250030471 Label:EP_Laika_Jones SpatiallyLoaded:1 Bounds:IsValid=true, Min=(X=-2006.000 Y=-125.432 Z=2109.292), Max=(X=-1913.815 Y=-1.191 Z=2310.000) RuntimeGrid:None EditorOnly:0 RuntimeOnly:0 HLODRelevant:0
 |   |   |- Guid:4C9A837248033A74163FF3A97ACE634A BaseClass: NativeClass:/Script/Engine.SpotLight Name:SpotLight_UAID_98EECBE9E6FC58FF01_1293545935 Label:SpotLight5 SpatiallyLoaded:1 Bounds:IsValid=true, Min=(X=-1485.082 Y=354.918 Z=609.836), Max=(X=-94.918 Y=1745.082 Z=2000.000) RuntimeGrid:None EditorOnly:0 RuntimeOnly:0 HLODRelevant:0
 |   |   |- Guid:4D3BE93F4146AAAC8BBE79999D96D57F BaseClass: NativeClass:/Script/Engine.VolumetricCloud Name:VolumetricCloud_0 Label:VolumetricCloud SpatiallyLoaded:0 Bounds:IsValid=true, Min=(X=0.000 Y=0.000 Z=820.000), Max=(X=0.000 Y=0.000 Z=820.000) RuntimeGrid:None EditorOnly:0 RuntimeOnly:0 HLODRelevant:0 FolderPath:Lighting FolderGuid:963EC3EB4002CCE9759E2EBA541A873A
 |   |   |- Guid:58269FE54B68ECFE7C71D6AFAC68DFC6 BaseClass: NativeClass:/Script/Engine.StaticMeshActor Name:StaticMeshActor_UAID_98EECBE9E6FC2CE101_1737696535 Label:Escenario SpatiallyLoaded:1 Bounds:IsValid=true, Min=(X=-2320.000 Y=-1070.000 Z=770.000), Max=(X=2280.000 Y=830.000 Z=2100.000) RuntimeGrid:None EditorOnly:0 RuntimeOnly:0 HLODRelevant:0 FolderPath:Composicion FolderGuid:7D23E5AE4C2A421F86AF6986D87E6D05
 |   |   |- Guid:5E540AB04DBCC3EF1F4EEC9F0CBB430B BaseClass: NativeClass:/Script/Engine.SpotLight Name:SpotLight_UAID_98EECBE9E6FC58FF01_1313164937 Label:SpotLight7 SpatiallyLoaded:1 Bounds:IsValid=true, Min=(X=-95.082 Y=354.918 Z=-180.164), Max=(X=1295.082 Y=1745.082 Z=1210.000) RuntimeGrid:None EditorOnly:0 RuntimeOnly:0 HLODRelevant:0
 |   |   |- Guid:610F7B1F4F4A760FD04BA08E24B0C2AB BaseClass: NativeClass:/Script/Engine.StaticMeshActor Name:StaticMeshActor_UAID_98EECBE9E6FC2DE101_1803599714 Label:Rampa SpatiallyLoaded:1 Bounds:IsValid=true, Min=(X=-2410.000 Y=200.000 Z=30.000), Max=(X=1283.636 Y=1100.000 Z=2200.000) RuntimeGrid:None EditorOnly:0 RuntimeOnly:0 HLODRelevant:0 FolderPath:Composicion FolderGuid:7D23E5AE4C2A421F86AF6986D87E6D05
 |   |   |- Guid:6BAF4DDD444C60371492D3919DB42C97 BaseClass: NativeClass:/Script/Engine.WorldDataLayers Name:WorldDataLayers Label:WorldDataLayers SpatiallyLoaded:0 Bounds:IsValid=true, Min=(X=0.000 Y=0.000 Z=0.000), Max=(X=0.000 Y=0.000 Z=0.000) RuntimeGrid:None EditorOnly:0 RuntimeOnly:0 HLODRelevant:0
 |   |   |- Guid:6E0F634A497EF0B37BC60B9EC298F57E BaseClass: NativeClass:/Script/LevelSequence.LevelSequenceActor Name:LevelSequenceActor_UAID_98EECBE9E6FCE8F601_1074047770 Label:Secuence_map SpatiallyLoaded:0 Bounds:IsValid=true, Min=(X=-1980.000 Y=460.000 Z=2380.000), Max=(X=-1980.000 Y=460.000 Z=2380.000) RuntimeGrid:None EditorOnly:0 RuntimeOnly:0 HLODRelevant:0
 |   |   |- Guid:7016FCCD429559E3934DEE9A2E426FD8 BaseClass:/Game/LevelPrototyping/Bp_Plataform.Bp_Plataform_C NativeClass:/Script/Engine.Actor Name:Bp_Plataform_C_UAID_98EECBE9E6FC4DF001_1443011151 Label:Bp_Plataform SpatiallyLoaded:1 Bounds:IsValid=true, Min=(X=1900.000 Y=-940.000 Z=100.000), Max=(X=2300.000 Y=-540.000 Z=156.255) RuntimeGrid:None EditorOnly:0 RuntimeOnly:0 HLODRelevant:0
 |   |   |- Guid:813FD8C847D69D60A2888385912AF5AE BaseClass: NativeClass:/Script/Engine.SpotLight Name:SpotLight_UAID_98EECBE9E6FC57FF01_2109447752 Label:SpotLight SpatiallyLoaded:1 Bounds:IsValid=true, Min=(X=-2028.064 Y=-2148.064 Z=-1696.246), Max=(X=2148.064 Y=2028.064 Z=2479.882) RuntimeGrid:None EditorOnly:0 RuntimeOnly:0 HLODRelevant:0
 |   |   |- Guid:8AC6F5FD48B93B319C6B43AEB56D50D1 BaseClass: NativeClass:/Script/Engine.StaticMeshActor Name:StaticMeshActor_UAID_98EECBE9E6FC28E101_1415788816 Label:Suello SpatiallyLoaded:1 Bounds:IsValid=true, Min=(X=-2500.000 Y=-1200.000 Z=-0.000), Max=(X=2500.000 Y=1200.000 Z=2600.000) RuntimeGrid:None EditorOnly:0 RuntimeOnly:0 HLODRelevant:0 FolderPath:Composicion FolderGuid:7D23E5AE4C2A421F86AF6986D87E6D05
 |   |   |- Guid:8C38701843453BED62C557A959156600 BaseClass: NativeClass:/Script/LevelSequence.LevelSequenceActor Name:LevelSequenceActor_UAID_98EECBE9E6FCDBF601_1861140479 Label:Secuence_travel SpatiallyLoaded:0 Bounds:IsValid=true, Min=(X=-1700.000 Y=-70.000 Z=2290.000), Max=(X=-1700.000 Y=-70.000 Z=2290.000) RuntimeGrid:None EditorOnly:0 RuntimeOnly:0 HLODRelevant:0
 |   |   |- Guid:942318BA4564A334A78D87994FACD727 BaseClass: NativeClass:/Script/Engine.PointLight Name:PointLight_UAID_98EECBE9E6FC58FF01_1214087932 Label:PointLight2 SpatiallyLoaded:1 Bounds:IsValid=true, Min=(X=1300.000 Y=-1770.000 Z=1130.000), Max=(X=3300.000 Y=230.000 Z=3130.000) RuntimeGrid:None EditorOnly:0 RuntimeOnly:0 HLODRelevant:0
 |   |   |- Guid:949A4E304650891F5971D18CE061646A BaseClass: NativeClass:/Script/Engine.SpotLight Name:SpotLight_UAID_98EECBE9E6FC58FF01_1775556947 Label:SpotLight10 SpatiallyLoaded:1 Bounds:IsValid=true, Min=(X=-2004.346 Y=-1984.346 Z=-267.463), Max=(X=1724.346 Y=1744.346 Z=3461.229) RuntimeGrid:None EditorOnly:0 RuntimeOnly:0 HLODRelevant:0
 |   |   |- Guid:A3AB741C48CEF653FFE01F8BFE567B66 BaseClass: NativeClass:/Script/Engine.SpotLight Name:SpotLight_UAID_98EECBE9E6FC58FF01_1092530929 Label:SpotLight2 SpatiallyLoaded:1 Bounds:IsValid=true, Min=(X=-3786.774 Y=-2030.500 Z=-1571.402), Max=(X=154.225 Y=1910.500 Z=2369.597) RuntimeGrid:None EditorOnly:0 RuntimeOnly:0 HLODRelevant:0
 |   |   |- Guid:B183207D448A9794A6731087A8739387 BaseClass: NativeClass:/Script/Engine.SpotLight Name:SpotLight_UAID_98EECBE9E6FC58FF01_1322678938 Label:SpotLight8 SpatiallyLoaded:1 Bounds:IsValid=true, Min=(X=664.918 Y=354.918 Z=-690.164), Max=(X=2055.082 Y=1745.082 Z=700.000) RuntimeGrid:None EditorOnly:0 RuntimeOnly:0 HLODRelevant:0
 |   |   |- Guid:B785ED2844B84CFB91E7F39FE661CD99 BaseClass: NativeClass:/Script/Engine.DirectionalLight Name:DirectionalLight_0 Label:DirectionalLight SpatiallyLoaded:0 Bounds:IsValid=true, Min=(X=-4398046511104.000 Y=-4398046511104.000 Z=-4398046511104.000), Max=(X=4398046511104.000 Y=4398046511104.000 Z=4398046511104.000) RuntimeGrid:None EditorOnly:0 RuntimeOnly:0 HLODRelevant:0 FolderPath:Lighting FolderGuid:963EC3EB4002CCE9759E2EBA541A873A
 |   |   |- Guid:C2E3C9D14C39086A5A6757BF60490C0A BaseClass: NativeClass:/Script/Engine.RectLight Name:RectLight_UAID_98EECBE9E6FC58FF01_1418015940 Label:RectLight2 SpatiallyLoaded:1 Bounds:IsValid=true, Min=(X=193.274 Y=-2396.726 Z=-186.726), Max=(X=4606.726 Y=2016.726 Z=4226.726) RuntimeGrid:None EditorOnly:0 RuntimeOnly:0 HLODRelevant:0
 |   |   |- Guid:CCFF262C46EEFFDF319E7F9539CE697E BaseClass: NativeClass:/Script/Engine.SkyAtmosphere Name:SkyAtmosphere_0 Label:SkyAtmosphere SpatiallyLoaded:0 Bounds:IsValid=true, Min=(X=0.000 Y=0.000 Z=1020.000), Max=(X=0.000 Y=0.000 Z=1020.000) RuntimeGrid:None EditorOnly:0 RuntimeOnly:0 HLODRelevant:0 FolderPath:Lighting FolderGuid:963EC3EB4002CCE9759E2EBA541A873A
 |   |   |- Guid:DA6585C44F345F6872443CB293D2440E BaseClass: NativeClass:/Script/Engine.TriggerBox Name:TriggerBox_UAID_98EECBE9E6FCDEF601_1089819009 Label:Trigger_Box_Sec SpatiallyLoaded:1 Bounds:IsValid=true, Min=(X=-2350.285 Y=232.949 Z=2257.498), Max=(X=-2110.285 Y=472.949 Z=2497.498) RuntimeGrid:None EditorOnly:0 RuntimeOnly:0 HLODRelevant:0
 |   |   |- Guid:DA7E72C24FE75927A51DFA904E62E2FB BaseClass: NativeClass:/Script/Engine.SpotLight Name:SpotLight_UAID_98EECBE9E6FC58FF01_1278250934 Label:SpotLight4 SpatiallyLoaded:1 Bounds:IsValid=true, Min=(X=-2275.082 Y=354.918 Z=979.836), Max=(X=-884.918 Y=1745.082 Z=2370.000) RuntimeGrid:None EditorOnly:0 RuntimeOnly:0 HLODRelevant:0
 |   |   |- Guid:F5E3FEB3450C49844FD93DA8E083C8AD BaseClass: NativeClass:/Script/Engine.PostProcessVolume Name:PostProcessVolume_0 Label:PostProcessVolume SpatiallyLoaded:0 Bounds:IsValid=true, Min=(X=0.000 Y=0.000 Z=400.000), Max=(X=200.000 Y=200.000 Z=600.000) RuntimeGrid:None EditorOnly:0 RuntimeOnly:0 HLODRelevant:0 FolderPath:Lighting FolderGuid:963EC3EB4002CCE9759E2EBA541A873A
 |   |- [+] Clusters:
 |   |   |- [+] [  0]
 |   |   |   |- Guid:6BAF4DDD444C60371492D3919DB42C97 BaseClass: NativeClass:/Script/Engine.WorldDataLayers Name:WorldDataLayers Label:WorldDataLayers SpatiallyLoaded:0 Bounds:IsValid=true, Min=(X=0.000 Y=0.000 Z=0.000), Max=(X=0.000 Y=0.000 Z=0.000) RuntimeGrid:None EditorOnly:0 RuntimeOnly:0 HLODRelevant:0
 |   |   |- [+] [  1]
 |   |   |   |- Guid:DA6585C44F345F6872443CB293D2440E BaseClass: NativeClass:/Script/Engine.TriggerBox Name:TriggerBox_UAID_98EECBE9E6FCDEF601_1089819009 Label:Trigger_Box_Sec SpatiallyLoaded:1 Bounds:IsValid=true, Min=(X=-2350.285 Y=232.949 Z=2257.498), Max=(X=-2110.285 Y=472.949 Z=2497.498) RuntimeGrid:None EditorOnly:0 RuntimeOnly:0 HLODRelevant:0
 |   |   |- [+] [  2]
 |   |   |   |- Guid:F5E3FEB3450C49844FD93DA8E083C8AD BaseClass: NativeClass:/Script/Engine.PostProcessVolume Name:PostProcessVolume_0 Label:PostProcessVolume SpatiallyLoaded:0 Bounds:IsValid=true, Min=(X=0.000 Y=0.000 Z=400.000), Max=(X=200.000 Y=200.000 Z=600.000) RuntimeGrid:None EditorOnly:0 RuntimeOnly:0 HLODRelevant:0 FolderPath:Lighting FolderGuid:963EC3EB4002CCE9759E2EBA541A873A
 |   |   |- [+] [  3]
 |   |   |   |- Guid:58269FE54B68ECFE7C71D6AFAC68DFC6 BaseClass: NativeClass:/Script/Engine.StaticMeshActor Name:StaticMeshActor_UAID_98EECBE9E6FC2CE101_1737696535 Label:Escenario SpatiallyLoaded:1 Bounds:IsValid=true, Min=(X=-2320.000 Y=-1070.000 Z=770.000), Max=(X=2280.000 Y=830.000 Z=2100.000) RuntimeGrid:None EditorOnly:0 RuntimeOnly:0 HLODRelevant:0 FolderPath:Composicion FolderGuid:7D23E5AE4C2A421F86AF6986D87E6D05
 |   |   |- [+] [  4]
 |   |   |   |- Guid:359D411C4188B74F44535A97A599F23D BaseClass: NativeClass:/Script/Engine.StaticMeshActor Name:StaticMeshActor_UAID_98EECBE9E6FC2AE101_1325922177 Label:Pilares SpatiallyLoaded:1 Bounds:IsValid=true, Min=(X=-1320.000 Y=-480.000 Z=1250.000), Max=(X=1280.000 Y=720.000 Z=2340.000) RuntimeGrid:None EditorOnly:0 RuntimeOnly:0 HLODRelevant:0 FolderPath:Composicion FolderGuid:7D23E5AE4C2A421F86AF6986D87E6D05
 |   |   |- [+] [  5]
 |   |   |   |- Guid:7016FCCD429559E3934DEE9A2E426FD8 BaseClass:/Game/LevelPrototyping/Bp_Plataform.Bp_Plataform_C NativeClass:/Script/Engine.Actor Name:Bp_Plataform_C_UAID_98EECBE9E6FC4DF001_1443011151 Label:Bp_Plataform SpatiallyLoaded:1 Bounds:IsValid=true, Min=(X=1900.000 Y=-940.000 Z=100.000), Max=(X=2300.000 Y=-540.000 Z=156.255) RuntimeGrid:None EditorOnly:0 RuntimeOnly:0 HLODRelevant:0
 |   |   |- [+] [  6]
 |   |   |   |- Guid:4D3BE93F4146AAAC8BBE79999D96D57F BaseClass: NativeClass:/Script/Engine.VolumetricCloud Name:VolumetricCloud_0 Label:VolumetricCloud SpatiallyLoaded:0 Bounds:IsValid=true, Min=(X=0.000 Y=0.000 Z=820.000), Max=(X=0.000 Y=0.000 Z=820.000) RuntimeGrid:None EditorOnly:0 RuntimeOnly:0 HLODRelevant:0 FolderPath:Lighting FolderGuid:963EC3EB4002CCE9759E2EBA541A873A
 |   |   |- [+] [  7]
 |   |   |   |- Guid:42CD7F2645B44F2FD44514821B9619F1 BaseClass:/Game/LevelPrototyping/NewCharacter/EP_Laika_Jones.EP_Laika_Jones_C NativeClass:/Script/Engine.Character Name:EP_Laika_Jones_C_UAID_98EECBE9E6FC99EF01_1250030471 Label:EP_Laika_Jones SpatiallyLoaded:1 Bounds:IsValid=true, Min=(X=-2006.000 Y=-125.432 Z=2109.292), Max=(X=-1913.815 Y=-1.191 Z=2310.000) RuntimeGrid:None EditorOnly:0 RuntimeOnly:0 HLODRelevant:0
 |   |   |- [+] [  8]
 |   |   |   |- Guid:CCFF262C46EEFFDF319E7F9539CE697E BaseClass: NativeClass:/Script/Engine.SkyAtmosphere Name:SkyAtmosphere_0 Label:SkyAtmosphere SpatiallyLoaded:0 Bounds:IsValid=true, Min=(X=0.000 Y=0.000 Z=1020.000), Max=(X=0.000 Y=0.000 Z=1020.000) RuntimeGrid:None EditorOnly:0 RuntimeOnly:0 HLODRelevant:0 FolderPath:Lighting FolderGuid:963EC3EB4002CCE9759E2EBA541A873A
 |   |   |- [+] [  9]
 |   |   |   |- Guid:B785ED2844B84CFB91E7F39FE661CD99 BaseClass: NativeClass:/Script/Engine.DirectionalLight Name:DirectionalLight_0 Label:DirectionalLight SpatiallyLoaded:0 Bounds:IsValid=true, Min=(X=-4398046511104.000 Y=-4398046511104.000 Z=-4398046511104.000), Max=(X=4398046511104.000 Y=4398046511104.000 Z=4398046511104.000) RuntimeGrid:None EditorOnly:0 RuntimeOnly:0 HLODRelevant:0 FolderPath:Lighting FolderGuid:963EC3EB4002CCE9759E2EBA541A873A
 |   |   |- [+] [ 10]
 |   |   |   |- Guid:316CF2A6494ACA4C0E4180A87D36AB8F BaseClass: NativeClass:/Script/Engine.ExponentialHeightFog Name:ExponentialHeightFog_0 Label:ExponentialHeightFog SpatiallyLoaded:0 Bounds:IsValid=true, Min=(X=-5600.000 Y=-50.000 Z=-6850.000), Max=(X=-5600.000 Y=-50.000 Z=-6850.000) RuntimeGrid:None EditorOnly:0 RuntimeOnly:0 HLODRelevant:0 FolderPath:Lighting FolderGuid:963EC3EB4002CCE9759E2EBA541A873A
 |   |   |- [+] [ 11]
 |   |   |   |- Guid:610F7B1F4F4A760FD04BA08E24B0C2AB BaseClass: NativeClass:/Script/Engine.StaticMeshActor Name:StaticMeshActor_UAID_98EECBE9E6FC2DE101_1803599714 Label:Rampa SpatiallyLoaded:1 Bounds:IsValid=true, Min=(X=-2410.000 Y=200.000 Z=30.000), Max=(X=1283.636 Y=1100.000 Z=2200.000) RuntimeGrid:None EditorOnly:0 RuntimeOnly:0 HLODRelevant:0 FolderPath:Composicion FolderGuid:7D23E5AE4C2A421F86AF6986D87E6D05
 |   |   |- [+] [ 12]
 |   |   |   |- Guid:2FB58999456391D349DC0F86DAC136ED BaseClass: NativeClass:/Script/Engine.SkyLight Name:SkyLight_1 Label:SkyLight SpatiallyLoaded:0 Bounds:IsValid=true, Min=(X=130.000 Y=0.000 Z=690.000), Max=(X=130.000 Y=0.000 Z=690.000) RuntimeGrid:None EditorOnly:0 RuntimeOnly:0 HLODRelevant:0 FolderPath:Lighting FolderGuid:963EC3EB4002CCE9759E2EBA541A873A
 |   |   |- [+] [ 13]
 |   |   |   |- Guid:8C38701843453BED62C557A959156600 BaseClass: NativeClass:/Script/LevelSequence.LevelSequenceActor Name:LevelSequenceActor_UAID_98EECBE9E6FCDBF601_1861140479 Label:Secuence_travel SpatiallyLoaded:0 Bounds:IsValid=true, Min=(X=-1700.000 Y=-70.000 Z=2290.000), Max=(X=-1700.000 Y=-70.000 Z=2290.000) RuntimeGrid:None EditorOnly:0 RuntimeOnly:0 HLODRelevant:0
 |   |   |- [+] [ 14]
 |   |   |   |- Guid:8AC6F5FD48B93B319C6B43AEB56D50D1 BaseClass: NativeClass:/Script/Engine.StaticMeshActor Name:StaticMeshActor_UAID_98EECBE9E6FC28E101_1415788816 Label:Suello SpatiallyLoaded:1 Bounds:IsValid=true, Min=(X=-2500.000 Y=-1200.000 Z=-0.000), Max=(X=2500.000 Y=1200.000 Z=2600.000) RuntimeGrid:None EditorOnly:0 RuntimeOnly:0 HLODRelevant:0 FolderPath:Composicion FolderGuid:7D23E5AE4C2A421F86AF6986D87E6D05
 |   |   |- [+] [ 15]
 |   |   |   |- Guid:6E0F634A497EF0B37BC60B9EC298F57E BaseClass: NativeClass:/Script/LevelSequence.LevelSequenceActor Name:LevelSequenceActor_UAID_98EECBE9E6FCE8F601_1074047770 Label:Secuence_map SpatiallyLoaded:0 Bounds:IsValid=true, Min=(X=-1980.000 Y=460.000 Z=2380.000), Max=(X=-1980.000 Y=460.000 Z=2380.000) RuntimeGrid:None EditorOnly:0 RuntimeOnly:0 HLODRelevant:0
 |   |   |- [+] [ 16]
 |   |   |   |- Guid:813FD8C847D69D60A2888385912AF5AE BaseClass: NativeClass:/Script/Engine.SpotLight Name:SpotLight_UAID_98EECBE9E6FC57FF01_2109447752 Label:SpotLight SpatiallyLoaded:1 Bounds:IsValid=true, Min=(X=-2028.064 Y=-2148.064 Z=-1696.246), Max=(X=2148.064 Y=2028.064 Z=2479.882) RuntimeGrid:None EditorOnly:0 RuntimeOnly:0 HLODRelevant:0
 |   |   |- [+] [ 17]
 |   |   |   |- Guid:A3AB741C48CEF653FFE01F8BFE567B66 BaseClass: NativeClass:/Script/Engine.SpotLight Name:SpotLight_UAID_98EECBE9E6FC58FF01_1092530929 Label:SpotLight2 SpatiallyLoaded:1 Bounds:IsValid=true, Min=(X=-3786.774 Y=-2030.500 Z=-1571.402), Max=(X=154.225 Y=1910.500 Z=2369.597) RuntimeGrid:None EditorOnly:0 RuntimeOnly:0 HLODRelevant:0
 |   |   |- [+] [ 18]
 |   |   |   |- Guid:13B26256490E962742ADB9B44607566F BaseClass: NativeClass:/Script/Engine.SpotLight Name:SpotLight_UAID_98EECBE9E6FC58FF01_1125228930 Label:SpotLight3 SpatiallyLoaded:1 Bounds:IsValid=true, Min=(X=12.260 Y=-1868.175 Z=-1586.319), Max=(X=3408.610 Y=1528.175 Z=1810.032) RuntimeGrid:None EditorOnly:0 RuntimeOnly:0 HLODRelevant:0
 |   |   |- [+] [ 19]
 |   |   |   |- Guid:056B8580485DFBB1D08A0CADCA8A71B7 BaseClass: NativeClass:/Script/Engine.PointLight Name:PointLight_UAID_98EECBE9E6FC58FF01_1187940931 Label:PointLight SpatiallyLoaded:1 Bounds:IsValid=true, Min=(X=1300.000 Y=-1770.000 Z=-740.000), Max=(X=3300.000 Y=230.000 Z=1260.000) RuntimeGrid:None EditorOnly:0 RuntimeOnly:0 HLODRelevant:0
 |   |   |- [+] [ 20]
 |   |   |   |- Guid:942318BA4564A334A78D87994FACD727 BaseClass: NativeClass:/Script/Engine.PointLight Name:PointLight_UAID_98EECBE9E6FC58FF01_1214087932 Label:PointLight2 SpatiallyLoaded:1 Bounds:IsValid=true, Min=(X=1300.000 Y=-1770.000 Z=1130.000), Max=(X=3300.000 Y=230.000 Z=3130.000) RuntimeGrid:None EditorOnly:0 RuntimeOnly:0 HLODRelevant:0
 |   |   |- [+] [ 21]
 |   |   |   |- Guid:DA7E72C24FE75927A51DFA904E62E2FB BaseClass: NativeClass:/Script/Engine.SpotLight Name:SpotLight_UAID_98EECBE9E6FC58FF01_1278250934 Label:SpotLight4 SpatiallyLoaded:1 Bounds:IsValid=true, Min=(X=-2275.082 Y=354.918 Z=979.836), Max=(X=-884.918 Y=1745.082 Z=2370.000) RuntimeGrid:None EditorOnly:0 RuntimeOnly:0 HLODRelevant:0
 |   |   |- [+] [ 22]
 |   |   |   |- Guid:4C9A837248033A74163FF3A97ACE634A BaseClass: NativeClass:/Script/Engine.SpotLight Name:SpotLight_UAID_98EECBE9E6FC58FF01_1293545935 Label:SpotLight5 SpatiallyLoaded:1 Bounds:IsValid=true, Min=(X=-1485.082 Y=354.918 Z=609.836), Max=(X=-94.918 Y=1745.082 Z=2000.000) RuntimeGrid:None EditorOnly:0 RuntimeOnly:0 HLODRelevant:0
 |   |   |- [+] [ 23]
 |   |   |   |- Guid:3FEA5C294D571A881DD3D38B1EB7D867 BaseClass: NativeClass:/Script/Engine.SpotLight Name:SpotLight_UAID_98EECBE9E6FC58FF01_1302603936 Label:SpotLight6 SpatiallyLoaded:1 Bounds:IsValid=true, Min=(X=-825.082 Y=354.918 Z=259.836), Max=(X=565.082 Y=1745.082 Z=1650.000) RuntimeGrid:None EditorOnly:0 RuntimeOnly:0 HLODRelevant:0
 |   |   |- [+] [ 24]
 |   |   |   |- Guid:5E540AB04DBCC3EF1F4EEC9F0CBB430B BaseClass: NativeClass:/Script/Engine.SpotLight Name:SpotLight_UAID_98EECBE9E6FC58FF01_1313164937 Label:SpotLight7 SpatiallyLoaded:1 Bounds:IsValid=true, Min=(X=-95.082 Y=354.918 Z=-180.164), Max=(X=1295.082 Y=1745.082 Z=1210.000) RuntimeGrid:None EditorOnly:0 RuntimeOnly:0 HLODRelevant:0
 |   |   |- [+] [ 25]
 |   |   |   |- Guid:B183207D448A9794A6731087A8739387 BaseClass: NativeClass:/Script/Engine.SpotLight Name:SpotLight_UAID_98EECBE9E6FC58FF01_1322678938 Label:SpotLight8 SpatiallyLoaded:1 Bounds:IsValid=true, Min=(X=664.918 Y=354.918 Z=-690.164), Max=(X=2055.082 Y=1745.082 Z=700.000) RuntimeGrid:None EditorOnly:0 RuntimeOnly:0 HLODRelevant:0
 |   |   |- [+] [ 26]
 |   |   |   |- Guid:181F2372423E9042D510B792388CAAE8 BaseClass: NativeClass:/Script/Engine.RectLight Name:RectLight_UAID_98EECBE9E6FC58FF01_1373850939 Label:RectLight SpatiallyLoaded:1 Bounds:IsValid=true, Min=(X=-4414.877 Y=-2064.877 Z=195.123), Max=(X=-365.123 Y=1984.877 Z=4244.877) RuntimeGrid:None EditorOnly:0 RuntimeOnly:0 HLODRelevant:0
 |   |   |- [+] [ 27]
 |   |   |   |- Guid:C2E3C9D14C39086A5A6757BF60490C0A BaseClass: NativeClass:/Script/Engine.RectLight Name:RectLight_UAID_98EECBE9E6FC58FF01_1418015940 Label:RectLight2 SpatiallyLoaded:1 Bounds:IsValid=true, Min=(X=193.274 Y=-2396.726 Z=-186.726), Max=(X=4606.726 Y=2016.726 Z=4226.726) RuntimeGrid:None EditorOnly:0 RuntimeOnly:0 HLODRelevant:0
 |   |   |- [+] [ 28]
 |   |   |   |- Guid:0B6562DD44F0F40F6FB060B2DC1A1FC2 BaseClass: NativeClass:/Script/Engine.SpotLight Name:SpotLight_UAID_98EECBE9E6FC58FF01_1475618941 Label:SpotLight9 SpatiallyLoaded:1 Bounds:IsValid=true, Min=(X=-2678.563 Y=231.437 Z=1782.874), Max=(X=-1861.437 Y=1048.563 Z=2600.000) RuntimeGrid:None EditorOnly:0 RuntimeOnly:0 HLODRelevant:0
 |   |   |- [+] [ 29]
 |   |   |   |- Guid:949A4E304650891F5971D18CE061646A BaseClass: NativeClass:/Script/Engine.SpotLight Name:SpotLight_UAID_98EECBE9E6FC58FF01_1775556947 Label:SpotLight10 SpatiallyLoaded:1 Bounds:IsValid=true, Min=(X=-2004.346 Y=-1984.346 Z=-267.463), Max=(X=1724.346 Y=1744.346 Z=3461.229) RuntimeGrid:None EditorOnly:0 RuntimeOnly:0 HLODRelevant:0
 |- ContainerInstances:
 |- [+] MainContainer:
 |   |-        ID: 0x0000000000000000
 |   |-    Bounds: IsValid=false, Min=(X=0.000 Y=0.000 Z=0.000), Max=(X=0.000 Y=0.000 Z=0.000)
 |   |- Transform: 0.000000,0.000000,0.000000|0.000000,0.000000,-0.000000|1.000000,1.000000,1.000000
 |   |- Container: /Game/ThirdPerson/Maps/ThirdPersonMap
----------------------------------------------------------------------------------------------------------------
ThirdPersonMap - Persistent Level
----------------------------------------------------------------------------------------------------------------
Always loaded Actor Count: 47 

----------------------------------------------------------------------------------------------------------------
ThirdPersonMap - Runtime Spatial Hash - Streaming Grid - MainGrid
----------------------------------------------------------------------------------------------------------------
            Origin: X=0.000 Y=0.000 Z=0.000
         Cell Size: 12800
      World Bounds: IsValid=false, Min=(X=0.000 Y=0.000 Z=0.000), Max=(X=0.000 Y=0.000 Z=0.000)
     Loading Range: 25600.00
Block Slow Loading: No
 ClientOnlyVisible: No

[+] Grid Levels: 1
 |- Level  0: Cell Count    0 | Cell Size   12800 | Actor Count    0 (0.0%)

[+] Content of Grid Level 0

