[+] Containers:
 |- [+] Container: /Game/ThirdPerson/Maps/ThirdPersonMap
 |   |- [+] ActorDescs:
 |   |   |- Guid:2FB58999456391D349DC0F86DAC136ED BaseClass: NativeClass:/Script/Engine.SkyLight Name:SkyLight_1 Label:SkyLight SpatiallyLoaded:0 Bounds:IsValid=true, Min=(X=130.000 Y=0.000 Z=690.000), Max=(X=130.000 Y=0.000 Z=690.000) RuntimeGrid:None EditorOnly:0 RuntimeOnly:0 HLODRelevant:0 FolderPath:Lighting FolderGuid:963EC3EB4002CCE9759E2EBA541A873A
 |   |   |- Guid:316CF2A6494ACA4C0E4180A87D36AB8F BaseClass: NativeClass:/Script/Engine.ExponentialHeightFog Name:ExponentialHeightFog_0 Label:ExponentialHeightFog SpatiallyLoaded:0 Bounds:IsValid=true, Min=(X=-5600.000 Y=-50.000 Z=-6850.000), Max=(X=-5600.000 Y=-50.000 Z=-6850.000) RuntimeGrid:None EditorOnly:0 RuntimeOnly:0 HLODRelevant:0 FolderPath:Lighting FolderGuid:963EC3EB4002CCE9759E2EBA541A873A
 |   |   |- Guid:359D411C4188B74F44535A97A599F23D BaseClass: NativeClass:/Script/Engine.StaticMeshActor Name:StaticMeshActor_UAID_98EECBE9E6FC2AE101_1325922177 Label:Pilares SpatiallyLoaded:1 Bounds:IsValid=true, Min=(X=-1320.000 Y=-480.000 Z=1250.000), Max=(X=1280.000 Y=720.000 Z=2340.000) RuntimeGrid:None EditorOnly:0 RuntimeOnly:0 HLODRelevant:0 FolderPath:Composicion FolderGuid:7D23E5AE4C2A421F86AF6986D87E6D05
 |   |   |- Guid:42CD7F2645B44F2FD44514821B9619F1 BaseClass:/Game/LevelPrototyping/NewCharacter/EP_Laika_Jones.EP_Laika_Jones_C NativeClass:/Script/Engine.Character Name:EP_Laika_Jones_C_UAID_98EECBE9E6FC99EF01_1250030471 Label:EP_Laika_Jones SpatiallyLoaded:1 Bounds:IsValid=true, Min=(X=-2006.000 Y=-125.432 Z=2109.292), Max=(X=-1913.815 Y=-1.191 Z=2310.000) RuntimeGrid:None EditorOnly:0 RuntimeOnly:0 HLODRelevant:0
 |   |   |- Guid:4D3BE93F4146AAAC8BBE79999D96D57F BaseClass: NativeClass:/Script/Engine.VolumetricCloud Name:VolumetricCloud_0 Label:VolumetricCloud SpatiallyLoaded:0 Bounds:IsValid=true, Min=(X=0.000 Y=0.000 Z=820.000), Max=(X=0.000 Y=0.000 Z=820.000) RuntimeGrid:None EditorOnly:0 RuntimeOnly:0 HLODRelevant:0 FolderPath:Lighting FolderGuid:963EC3EB4002CCE9759E2EBA541A873A
 |   |   |- Guid:58269FE54B68ECFE7C71D6AFAC68DFC6 BaseClass: NativeClass:/Script/Engine.StaticMeshActor Name:StaticMeshActor_UAID_98EECBE9E6FC2CE101_1737696535 Label:Escenario SpatiallyLoaded:1 Bounds:IsValid=true, Min=(X=-2320.000 Y=-1070.000 Z=770.000), Max=(X=2280.000 Y=830.000 Z=2100.000) RuntimeGrid:None EditorOnly:0 RuntimeOnly:0 HLODRelevant:0 FolderPath:Composicion FolderGuid:7D23E5AE4C2A421F86AF6986D87E6D05
 |   |   |- Guid:610F7B1F4F4A760FD04BA08E24B0C2AB BaseClass: NativeClass:/Script/Engine.StaticMeshActor Name:StaticMeshActor_UAID_98EECBE9E6FC2DE101_1803599714 Label:Rampa SpatiallyLoaded:1 Bounds:IsValid=true, Min=(X=-2410.000 Y=200.000 Z=30.000), Max=(X=1283.636 Y=1100.000 Z=2200.000) RuntimeGrid:None EditorOnly:0 RuntimeOnly:0 HLODRelevant:0 FolderPath:Composicion FolderGuid:7D23E5AE4C2A421F86AF6986D87E6D05
 |   |   |- Guid:6BAF4DDD444C60371492D3919DB42C97 BaseClass: NativeClass:/Script/Engine.WorldDataLayers Name:WorldDataLayers Label:WorldDataLayers SpatiallyLoaded:0 Bounds:IsValid=true, Min=(X=0.000 Y=0.000 Z=0.000), Max=(X=0.000 Y=0.000 Z=0.000) RuntimeGrid:None EditorOnly:0 RuntimeOnly:0 HLODRelevant:0
 |   |   |- Guid:6E0F634A497EF0B37BC60B9EC298F57E BaseClass: NativeClass:/Script/LevelSequence.LevelSequenceActor Name:LevelSequenceActor_UAID_98EECBE9E6FCE8F601_1074047770 Label:Secuence_map SpatiallyLoaded:0 Bounds:IsValid=true, Min=(X=-1980.000 Y=460.000 Z=2380.000), Max=(X=-1980.000 Y=460.000 Z=2380.000) RuntimeGrid:None EditorOnly:0 RuntimeOnly:0 HLODRelevant:0
 |   |   |- Guid:7016FCCD429559E3934DEE9A2E426FD8 BaseClass:/Game/LevelPrototyping/Bp_Plataform.Bp_Plataform_C NativeClass:/Script/Engine.Actor Name:Bp_Plataform_C_UAID_98EECBE9E6FC4DF001_1443011151 Label:Bp_Plataform SpatiallyLoaded:1 Bounds:IsValid=true, Min=(X=1900.000 Y=-940.000 Z=100.000), Max=(X=2300.000 Y=-540.000 Z=156.255) RuntimeGrid:None EditorOnly:0 RuntimeOnly:0 HLODRelevant:0
 |   |   |- Guid:8AC6F5FD48B93B319C6B43AEB56D50D1 BaseClass: NativeClass:/Script/Engine.StaticMeshActor Name:StaticMeshActor_UAID_98EECBE9E6FC28E101_1415788816 Label:Suello SpatiallyLoaded:1 Bounds:IsValid=true, Min=(X=-2500.000 Y=-1200.000 Z=-0.000), Max=(X=2500.000 Y=1200.000 Z=2600.000) RuntimeGrid:None EditorOnly:0 RuntimeOnly:0 HLODRelevant:0 FolderPath:Composicion FolderGuid:7D23E5AE4C2A421F86AF6986D87E6D05
 |   |   |- Guid:8C38701843453BED62C557A959156600 BaseClass: NativeClass:/Script/LevelSequence.LevelSequenceActor Name:LevelSequenceActor_UAID_98EECBE9E6FCDBF601_1861140479 Label:Secuence_travel SpatiallyLoaded:0 Bounds:IsValid=true, Min=(X=-1700.000 Y=-70.000 Z=2290.000), Max=(X=-1700.000 Y=-70.000 Z=2290.000) RuntimeGrid:None EditorOnly:0 RuntimeOnly:0 HLODRelevant:0
 |   |   |- Guid:B785ED2844B84CFB91E7F39FE661CD99 BaseClass: NativeClass:/Script/Engine.DirectionalLight Name:DirectionalLight_0 Label:DirectionalLight SpatiallyLoaded:0 Bounds:IsValid=true, Min=(X=-4398046511104.000 Y=-4398046511104.000 Z=-4398046511104.000), Max=(X=4398046511104.000 Y=4398046511104.000 Z=4398046511104.000) RuntimeGrid:None EditorOnly:0 RuntimeOnly:0 HLODRelevant:0 FolderPath:Lighting FolderGuid:963EC3EB4002CCE9759E2EBA541A873A
 |   |   |- Guid:CCFF262C46EEFFDF319E7F9539CE697E BaseClass: NativeClass:/Script/Engine.SkyAtmosphere Name:SkyAtmosphere_0 Label:SkyAtmosphere SpatiallyLoaded:0 Bounds:IsValid=true, Min=(X=0.000 Y=0.000 Z=1020.000), Max=(X=0.000 Y=0.000 Z=1020.000) RuntimeGrid:None EditorOnly:0 RuntimeOnly:0 HLODRelevant:0 FolderPath:Lighting FolderGuid:963EC3EB4002CCE9759E2EBA541A873A
 |   |   |- Guid:DA6585C44F345F6872443CB293D2440E BaseClass: NativeClass:/Script/Engine.TriggerBox Name:TriggerBox_UAID_98EECBE9E6FCDEF601_1089819009 Label:Trigger_Box_Sec SpatiallyLoaded:1 Bounds:IsValid=true, Min=(X=-2350.285 Y=232.949 Z=2257.498), Max=(X=-2110.285 Y=472.949 Z=2497.498) RuntimeGrid:None EditorOnly:0 RuntimeOnly:0 HLODRelevant:0
 |   |   |- Guid:F5E3FEB3450C49844FD93DA8E083C8AD BaseClass: NativeClass:/Script/Engine.PostProcessVolume Name:PostProcessVolume_0 Label:PostProcessVolume SpatiallyLoaded:0 Bounds:IsValid=true, Min=(X=0.000 Y=0.000 Z=400.000), Max=(X=200.000 Y=200.000 Z=600.000) RuntimeGrid:None EditorOnly:0 RuntimeOnly:0 HLODRelevant:0 FolderPath:Lighting FolderGuid:963EC3EB4002CCE9759E2EBA541A873A
 |   |- [+] Clusters:
 |   |   |- [+] [  0]
 |   |   |   |- Guid:6BAF4DDD444C60371492D3919DB42C97 BaseClass: NativeClass:/Script/Engine.WorldDataLayers Name:WorldDataLayers Label:WorldDataLayers SpatiallyLoaded:0 Bounds:IsValid=true, Min=(X=0.000 Y=0.000 Z=0.000), Max=(X=0.000 Y=0.000 Z=0.000) RuntimeGrid:None EditorOnly:0 RuntimeOnly:0 HLODRelevant:0
 |   |   |- [+] [  1]
 |   |   |   |- Guid:F5E3FEB3450C49844FD93DA8E083C8AD BaseClass: NativeClass:/Script/Engine.PostProcessVolume Name:PostProcessVolume_0 Label:PostProcessVolume SpatiallyLoaded:0 Bounds:IsValid=true, Min=(X=0.000 Y=0.000 Z=400.000), Max=(X=200.000 Y=200.000 Z=600.000) RuntimeGrid:None EditorOnly:0 RuntimeOnly:0 HLODRelevant:0 FolderPath:Lighting FolderGuid:963EC3EB4002CCE9759E2EBA541A873A
 |   |   |- [+] [  2]
 |   |   |   |- Guid:58269FE54B68ECFE7C71D6AFAC68DFC6 BaseClass: NativeClass:/Script/Engine.StaticMeshActor Name:StaticMeshActor_UAID_98EECBE9E6FC2CE101_1737696535 Label:Escenario SpatiallyLoaded:1 Bounds:IsValid=true, Min=(X=-2320.000 Y=-1070.000 Z=770.000), Max=(X=2280.000 Y=830.000 Z=2100.000) RuntimeGrid:None EditorOnly:0 RuntimeOnly:0 HLODRelevant:0 FolderPath:Composicion FolderGuid:7D23E5AE4C2A421F86AF6986D87E6D05
 |   |   |- [+] [  3]
 |   |   |   |- Guid:359D411C4188B74F44535A97A599F23D BaseClass: NativeClass:/Script/Engine.StaticMeshActor Name:StaticMeshActor_UAID_98EECBE9E6FC2AE101_1325922177 Label:Pilares SpatiallyLoaded:1 Bounds:IsValid=true, Min=(X=-1320.000 Y=-480.000 Z=1250.000), Max=(X=1280.000 Y=720.000 Z=2340.000) RuntimeGrid:None EditorOnly:0 RuntimeOnly:0 HLODRelevant:0 FolderPath:Composicion FolderGuid:7D23E5AE4C2A421F86AF6986D87E6D05
 |   |   |- [+] [  4]
 |   |   |   |- Guid:7016FCCD429559E3934DEE9A2E426FD8 BaseClass:/Game/LevelPrototyping/Bp_Plataform.Bp_Plataform_C NativeClass:/Script/Engine.Actor Name:Bp_Plataform_C_UAID_98EECBE9E6FC4DF001_1443011151 Label:Bp_Plataform SpatiallyLoaded:1 Bounds:IsValid=true, Min=(X=1900.000 Y=-940.000 Z=100.000), Max=(X=2300.000 Y=-540.000 Z=156.255) RuntimeGrid:None EditorOnly:0 RuntimeOnly:0 HLODRelevant:0
 |   |   |- [+] [  5]
 |   |   |   |- Guid:4D3BE93F4146AAAC8BBE79999D96D57F BaseClass: NativeClass:/Script/Engine.VolumetricCloud Name:VolumetricCloud_0 Label:VolumetricCloud SpatiallyLoaded:0 Bounds:IsValid=true, Min=(X=0.000 Y=0.000 Z=820.000), Max=(X=0.000 Y=0.000 Z=820.000) RuntimeGrid:None EditorOnly:0 RuntimeOnly:0 HLODRelevant:0 FolderPath:Lighting FolderGuid:963EC3EB4002CCE9759E2EBA541A873A
 |   |   |- [+] [  6]
 |   |   |   |- Guid:42CD7F2645B44F2FD44514821B9619F1 BaseClass:/Game/LevelPrototyping/NewCharacter/EP_Laika_Jones.EP_Laika_Jones_C NativeClass:/Script/Engine.Character Name:EP_Laika_Jones_C_UAID_98EECBE9E6FC99EF01_1250030471 Label:EP_Laika_Jones SpatiallyLoaded:1 Bounds:IsValid=true, Min=(X=-2006.000 Y=-125.432 Z=2109.292), Max=(X=-1913.815 Y=-1.191 Z=2310.000) RuntimeGrid:None EditorOnly:0 RuntimeOnly:0 HLODRelevant:0
 |   |   |- [+] [  7]
 |   |   |   |- Guid:CCFF262C46EEFFDF319E7F9539CE697E BaseClass: NativeClass:/Script/Engine.SkyAtmosphere Name:SkyAtmosphere_0 Label:SkyAtmosphere SpatiallyLoaded:0 Bounds:IsValid=true, Min=(X=0.000 Y=0.000 Z=1020.000), Max=(X=0.000 Y=0.000 Z=1020.000) RuntimeGrid:None EditorOnly:0 RuntimeOnly:0 HLODRelevant:0 FolderPath:Lighting FolderGuid:963EC3EB4002CCE9759E2EBA541A873A
 |   |   |- [+] [  8]
 |   |   |   |- Guid:B785ED2844B84CFB91E7F39FE661CD99 BaseClass: NativeClass:/Script/Engine.DirectionalLight Name:DirectionalLight_0 Label:DirectionalLight SpatiallyLoaded:0 Bounds:IsValid=true, Min=(X=-4398046511104.000 Y=-4398046511104.000 Z=-4398046511104.000), Max=(X=4398046511104.000 Y=4398046511104.000 Z=4398046511104.000) RuntimeGrid:None EditorOnly:0 RuntimeOnly:0 HLODRelevant:0 FolderPath:Lighting FolderGuid:963EC3EB4002CCE9759E2EBA541A873A
 |   |   |- [+] [  9]
 |   |   |   |- Guid:316CF2A6494ACA4C0E4180A87D36AB8F BaseClass: NativeClass:/Script/Engine.ExponentialHeightFog Name:ExponentialHeightFog_0 Label:ExponentialHeightFog SpatiallyLoaded:0 Bounds:IsValid=true, Min=(X=-5600.000 Y=-50.000 Z=-6850.000), Max=(X=-5600.000 Y=-50.000 Z=-6850.000) RuntimeGrid:None EditorOnly:0 RuntimeOnly:0 HLODRelevant:0 FolderPath:Lighting FolderGuid:963EC3EB4002CCE9759E2EBA541A873A
 |   |   |- [+] [ 10]
 |   |   |   |- Guid:610F7B1F4F4A760FD04BA08E24B0C2AB BaseClass: NativeClass:/Script/Engine.StaticMeshActor Name:StaticMeshActor_UAID_98EECBE9E6FC2DE101_1803599714 Label:Rampa SpatiallyLoaded:1 Bounds:IsValid=true, Min=(X=-2410.000 Y=200.000 Z=30.000), Max=(X=1283.636 Y=1100.000 Z=2200.000) RuntimeGrid:None EditorOnly:0 RuntimeOnly:0 HLODRelevant:0 FolderPath:Composicion FolderGuid:7D23E5AE4C2A421F86AF6986D87E6D05
 |   |   |- [+] [ 11]
 |   |   |   |- Guid:2FB58999456391D349DC0F86DAC136ED BaseClass: NativeClass:/Script/Engine.SkyLight Name:SkyLight_1 Label:SkyLight SpatiallyLoaded:0 Bounds:IsValid=true, Min=(X=130.000 Y=0.000 Z=690.000), Max=(X=130.000 Y=0.000 Z=690.000) RuntimeGrid:None EditorOnly:0 RuntimeOnly:0 HLODRelevant:0 FolderPath:Lighting FolderGuid:963EC3EB4002CCE9759E2EBA541A873A
 |   |   |- [+] [ 12]
 |   |   |   |- Guid:8AC6F5FD48B93B319C6B43AEB56D50D1 BaseClass: NativeClass:/Script/Engine.StaticMeshActor Name:StaticMeshActor_UAID_98EECBE9E6FC28E101_1415788816 Label:Suello SpatiallyLoaded:1 Bounds:IsValid=true, Min=(X=-2500.000 Y=-1200.000 Z=-0.000), Max=(X=2500.000 Y=1200.000 Z=2600.000) RuntimeGrid:None EditorOnly:0 RuntimeOnly:0 HLODRelevant:0 FolderPath:Composicion FolderGuid:7D23E5AE4C2A421F86AF6986D87E6D05
 |   |   |- [+] [ 13]
 |   |   |   |- Guid:8C38701843453BED62C557A959156600 BaseClass: NativeClass:/Script/LevelSequence.LevelSequenceActor Name:LevelSequenceActor_UAID_98EECBE9E6FCDBF601_1861140479 Label:Secuence_travel SpatiallyLoaded:0 Bounds:IsValid=true, Min=(X=-1700.000 Y=-70.000 Z=2290.000), Max=(X=-1700.000 Y=-70.000 Z=2290.000) RuntimeGrid:None EditorOnly:0 RuntimeOnly:0 HLODRelevant:0
 |   |   |- [+] [ 14]
 |   |   |   |- Guid:DA6585C44F345F6872443CB293D2440E BaseClass: NativeClass:/Script/Engine.TriggerBox Name:TriggerBox_UAID_98EECBE9E6FCDEF601_1089819009 Label:Trigger_Box_Sec SpatiallyLoaded:1 Bounds:IsValid=true, Min=(X=-2350.285 Y=232.949 Z=2257.498), Max=(X=-2110.285 Y=472.949 Z=2497.498) RuntimeGrid:None EditorOnly:0 RuntimeOnly:0 HLODRelevant:0
 |   |   |- [+] [ 15]
 |   |   |   |- Guid:6E0F634A497EF0B37BC60B9EC298F57E BaseClass: NativeClass:/Script/LevelSequence.LevelSequenceActor Name:LevelSequenceActor_UAID_98EECBE9E6FCE8F601_1074047770 Label:Secuence_map SpatiallyLoaded:0 Bounds:IsValid=true, Min=(X=-1980.000 Y=460.000 Z=2380.000), Max=(X=-1980.000 Y=460.000 Z=2380.000) RuntimeGrid:None EditorOnly:0 RuntimeOnly:0 HLODRelevant:0
 |- ContainerInstances:
 |- [+] MainContainer:
 |   |-        ID: 0x0000000000000000
 |   |-    Bounds: IsValid=false, Min=(X=0.000 Y=0.000 Z=0.000), Max=(X=0.000 Y=0.000 Z=0.000)
 |   |- Transform: 0.000000,0.000000,0.000000|0.000000,0.000000,-0.000000|1.000000,1.000000,1.000000
 |   |- Container: /Game/ThirdPerson/Maps/ThirdPersonMap
----------------------------------------------------------------------------------------------------------------
ThirdPersonMap - Persistent Level
----------------------------------------------------------------------------------------------------------------
Always loaded Actor Count: 25 

----------------------------------------------------------------------------------------------------------------
ThirdPersonMap - Runtime Spatial Hash - Streaming Grid - MainGrid
----------------------------------------------------------------------------------------------------------------
            Origin: X=0.000 Y=0.000 Z=0.000
         Cell Size: 12800
      World Bounds: IsValid=false, Min=(X=0.000 Y=0.000 Z=0.000), Max=(X=0.000 Y=0.000 Z=0.000)
     Loading Range: 25600.00
Block Slow Loading: No
 ClientOnlyVisible: No

[+] Grid Levels: 1
 |- Level  0: Cell Count    0 | Cell Size   12800 | Actor Count    0 (0.0%)

[+] Content of Grid Level 0

